"../../../../PROJETS/Projet GD/Projet_GD/DemoGD/Content/Geometry/Meshes/CubeMaterial.uasset" 0
"../../../../PROJETS/Projet GD/Projet_GD/DemoGD/Content/Geometry/Meshes/1M_Cube_Chamfer.uasset" 1
"../../../../PROJETS/Projet GD/Projet_GD/DemoGD/Content/Geometry/Meshes/TemplateFloor.uasset" 2
"../../../Engine/Content/EditorBlueprintResources/StandardMacros.uasset" 3
"../../../../PROJETS/Projet GD/Projet_GD/DemoGD/Content/Materialize/DemoRoom/Materials/M_Arrows.uasset" 4
"../../../../PROJETS/Projet GD/Projet_GD/DemoGD/Content/Materialize/DemoRoom/Materials/M_DemoWall.uasset" 5
"../../../../PROJETS/Projet GD/Projet_GD/DemoGD/Content/Materialize/DemoRoom/Materials/M_DemoWall_Inst.uasset" 6
"../../../../PROJETS/Projet GD/Projet_GD/DemoGD/Content/Materialize/DemoRoom/Materials/M_DemoWall_Inst_3.uasset" 7
"../../../../PROJETS/Projet GD/Projet_GD/DemoGD/Content/Materialize/DemoRoom/Materials/M_DemoWall_Inst2.uasset" 8
"../../../../PROJETS/Projet GD/Projet_GD/DemoGD/Content/Materialize/DemoRoom/Materials/M_LightSculpture.uasset" 9
"../../../../PROJETS/Projet GD/Projet_GD/DemoGD/Content/Materialize/DemoRoom/Materials/M_LightSculpture_Red.uasset" 10
"../../../../PROJETS/Projet GD/Projet_GD/DemoGD/Content/Materialize/DemoRoom/Materials/M_LightSculpture_Green.uasset" 11
"../../../../PROJETS/Projet GD/Projet_GD/DemoGD/Content/Materialize/DemoRoom/Meshes/SM_Slider1.uasset" 12
"../../../../PROJETS/Projet GD/Projet_GD/DemoGD/Content/Materialize/DemoRoom/Meshes/SM_SliderBase.uasset" 13
"../../../../PROJETS/Projet GD/Projet_GD/DemoGD/Content/Materialize/DemoRoom/BluePrints/BP_Slider.uasset" 14
"../../../Engine/Content/EditorMeshes/EditorSphere.uasset" 15
"../../../Engine/Content/Functions/Engine_MaterialFunctions01/Opacity/CameraDepthFade.uasset" 16
"../../../Engine/Content/EngineMaterials/T_Default_Material_Grid_M.uasset" 17
"../../../Engine/Content/EngineMaterials/T_Default_Material_Grid_N.uasset" 18
"../../../Engine/Content/EngineMaterials/WorldGridMaterial.uasset" 19
"../../../../PROJETS/Projet GD/Projet_GD/DemoGD/Content/Materialize/DemoRoom/Meshes/S_MathHall_DisplayButton_01.uasset" 20
"../../../../PROJETS/Projet GD/Projet_GD/DemoGD/Content/Materialize/DemoRoom/BluePrints/BP_Mat_with_Slider.uasset" 21
"../../../../PROJETS/Projet GD/Projet_GD/DemoGD/Content/Materialize/DemoRoom/Materials/M_BaseColor.uasset" 22
"../../../../PROJETS/Projet GD/Projet_GD/DemoGD/Content/VirtualReality/Materials/GenericHMDMaterial.uasset" 23
"../../../../PROJETS/Projet GD/Projet_GD/DemoGD/Content/VirtualReality/Meshes/GenericHMD.uasset" 24
"../../../Engine/Content/Functions/Engine_MaterialFunctions02/Utility/BreakOutFloat2Components.uasset" 25
"../../../Engine/Content/Functions/Engine_MaterialFunctions01/Texturing/ScaleUVsByCenter.uasset" 26
"../../../Engine/Content/Functions/Engine_MaterialFunctions02/ScreenResolution.uasset" 27
"../../../Engine/Content/Functions/Engine_MaterialFunctions02/Texturing/ScreenAlignedUVs.uasset" 28
"../../../Engine/Content/Functions/Engine_MaterialFunctions02/Utility/CameraDirectionVector.uasset" 29
"../../../Engine/Content/Functions/Engine_MaterialFunctions02/Utility/DepthFromWorldPosition.uasset" 30
"../../../../PROJETS/Projet GD/Projet_GD/DemoGD/Content/VirtualReality/Materials/MF_OccludedPixels.uasset" 31
"../../../../PROJETS/Projet GD/Projet_GD/DemoGD/Content/VirtualReality/Materials/TeleportMCP.uasset" 32
"../../../Engine/Content/EngineMaterials/Good64x64TilingNoiseHighFreq.uasset" 33
"../../../../PROJETS/Projet GD/Projet_GD/DemoGD/Content/VirtualReality/Materials/M_ArcEndpoint.uasset" 34
"../../../../PROJETS/Projet GD/Projet_GD/DemoGD/Content/VirtualReality/Materials/M_TeleportPreviews.uasset" 35
"../../../../PROJETS/Projet GD/Projet_GD/DemoGD/Content/VirtualReality/Materials/MI_TeleportCylinderPreview.uasset" 36
"../../../Engine/Content/EngineMaterials/DefaultMaterial.uasset" 37
"../../../Engine/Content/BasicShapes/Cylinder.uasset" 38
"../../../../PROJETS/Projet GD/Projet_GD/DemoGD/Content/VirtualReality/Meshes/BeaconDirection.uasset" 39
"../../../../PROJETS/Projet GD/Projet_GD/DemoGD/Content/VirtualReality/Meshes/SM_FatCylinder.uasset" 40
"../../../../PROJETS/Projet GD/Projet_GD/DemoGD/Content/VirtualRealityBP/Blueprints/HMDLocomotionPawn.uasset" 41
"../../../Engine/Content/Animation/DefaultAnimCurveCompressionSettings.uasset" 42
"../../../Engine/Content/ArtTools/RenderToTexture/Meshes/S_1_Unit_Plane.uasset" 43
"../../../Engine/Content/BasicShapes/Cone.uasset" 44
"../../../Engine/Content/BasicShapes/Plane.uasset" 45
"../../../Engine/Content/EditorLandscapeResources/DataLayer.uasset" 46
"../../../Engine/Content/EditorMaterials/MAT_Groups_Toggle.uasset" 47
"../../../Engine/Content/EditorMaterials/MAT_Groups_Visibility.uasset" 48
"../../../Engine/Content/EditorMaterials/PreviewShadowIndicator.uasset" 49
"../../../Engine/Content/EditorMaterials/PreviewShadowIndicatorMaterial.uasset" 50
"../../../Engine/Content/EditorMaterials/MatineeGroups/MAT_ColorTrack.uasset" 51
"../../../Engine/Content/EditorMaterials/MatineeGroups/MAT_Groups_Anim.uasset" 52
"../../../Engine/Content/EditorMaterials/MatineeGroups/MAT_Groups_AudioMaster.uasset" 53
"../../../Engine/Content/EditorMaterials/MatineeGroups/MAT_Groups_Director.uasset" 54
"../../../Engine/Content/EditorMaterials/MatineeGroups/MAT_Groups_Event.uasset" 55
"../../../Engine/Content/EditorMaterials/MatineeGroups/MAT_Groups_Fade.uasset" 56
"../../../Engine/Content/EditorMaterials/MatineeGroups/MAT_Groups_Float.uasset" 57
"../../../Engine/Content/EditorMaterials/MatineeGroups/MAT_Groups_Move.uasset" 58
"../../../Engine/Content/EditorMaterials/MatineeGroups/MAT_Groups_Slomo.uasset" 59
"../../../Engine/Content/EditorMaterials/MatineeGroups/MAT_Groups_Sound.uasset" 60
"../../../Engine/Content/EditorMaterials/MatineeGroups/MAT_Groups_Vector.uasset" 61
"../../../Engine/Content/EditorMaterials/ParticleSystems/PSysThumbnail_NoImage.uasset" 62
"../../../Engine/Content/EditorMaterials/ParticleSystems/PSysThumbnail_OOD.uasset" 63
"../../../Engine/Content/EditorMaterials/Camera/CineMat.uasset" 64
"../../../Engine/Content/EditorMaterials/Camera/MI_CineMat_Rig.uasset" 65
"../../../Engine/Content/EditorMeshes/Camera/SM_CraneRig_Arm.uasset" 66
"../../../Engine/Content/EditorMeshes/Camera/SM_CraneRig_Base.uasset" 67
"../../../Engine/Content/EditorMeshes/Camera/SM_CraneRig_Body.uasset" 68
"../../../Engine/Content/EditorMeshes/Camera/SM_CraneRig_Mount.uasset" 69
"../../../Engine/Content/EditorMeshes/Camera/SM_RailRig_Mount.uasset" 70
"../../../Engine/Content/EditorMeshes/Camera/SM_RailRig_Track.uasset" 71
"../../../Engine/Content/EditorResources/BSPVertex.uasset" 72
"../../../Engine/Content/EditorResources/EmptyActor.uasset" 73
"../../../Engine/Content/EditorResources/S_Actor.uasset" 74
"../../../Engine/Content/EditorResources/S_Note.uasset" 75
"../../../Engine/Content/EditorResources/S_Solver.uasset" 76
"../../../Engine/Content/EditorResources/S_Trigger.uasset" 77
"../../../Engine/Content/EditorResources/LightIcons/S_LightError.uasset" 78
"../../../Engine/Content/EditorResources/SequenceRecorder/Countdown.uasset" 79
"../../../Engine/Content/EditorResources/SequenceRecorder/RecordingIndicator.uasset" 80
"../../../Engine/Content/EditorSounds/Notifications/CompileFailed.uasset" 81
"../../../Engine/Content/EditorSounds/Notifications/CompileFailed_Cue.uasset" 82
"../../../Engine/Content/EditorSounds/Notifications/CompileSuccess.uasset" 83
"../../../Engine/Content/EditorSounds/Notifications/CompileStart_Cue.uasset" 84
"../../../Engine/Content/EditorSounds/Notifications/CompileSuccess_Cue.uasset" 85
"../../../Engine/Content/EngineDamageTypes/DmgTypeBP_Environmental.uasset" 86
"../../../Engine/Content/EngineDebugMaterials/DebugEditorMaterial.uasset" 87
"../../../Engine/Content/EngineDebugMaterials/DebugMeshMaterial.uasset" 88
"../../../Engine/Content/EngineDebugMaterials/M_SimpleTranslucent.uasset" 89
"../../../Engine/Content/EngineDebugMaterials/VolumeToRender.uasset" 90
"../../../Engine/Content/EngineDebugMaterials/M_VolumeRenderSphereTracePP.uasset" 91
"../../../Engine/Content/EngineDebugMaterials/WireframeMaterial.uasset" 92
"../../../Engine/Content/EngineFonts/Faces/DroidSansFallback.uasset" 93
"../../../Engine/Content/EngineFonts/Faces/RobotoBold.uasset" 94
"../../../Engine/Content/EngineFonts/Faces/RobotoBoldItalic.uasset" 95
"../../../Engine/Content/EngineFonts/Faces/RobotoItalic.uasset" 96
"../../../Engine/Content/EngineFonts/Faces/RobotoLight.uasset" 97
"../../../Engine/Content/EngineFonts/Faces/RobotoRegular.uasset" 98
"../../../Engine/Content/EngineFonts/Roboto.uasset" 99
"../../../Engine/Content/EngineMaterials/BaseFlattenDiffuseMap.uasset" 100
"../../../Engine/Content/EngineMaterials/BaseFlattenEmissiveMap.uasset" 101
"../../../Engine/Content/EngineMaterials/BaseFlattenGrayscaleMap.uasset" 102
"../../../Engine/Content/EngineMaterials/BaseFlattenNormalMap.uasset" 103
"../../../Engine/Content/EngineMaterials/BaseFlattenMaterial.uasset" 104
"../../../Engine/Content/EngineMaterials/BlueNoise.uasset" 105
"../../../Engine/Content/EngineMaterials/DefaultBloomKernel.uasset" 106
"../../../Engine/Content/EngineMaterials/DefaultBokeh.uasset" 107
"../../../Engine/Content/EngineMaterials/DefaultDiffuse.uasset" 108
"../../../Engine/Content/EngineMaterials/DefaultDeferredDecalMaterial.uasset" 109
"../../../Engine/Content/EngineMaterials/DefaultLightFunctionMaterial.uasset" 110
"../../../Engine/Content/EngineMaterials/DefaultPhysicalMaterial.uasset" 111
"../../../Engine/Content/EngineMaterials/DefaultPostProcessMaterial.uasset" 112
"../../../Engine/Content/EngineFonts/RobotoDistanceField.uasset" 113
"../../../Engine/Content/EngineMaterials/DefaultTextMaterialOpaque.uasset" 114
"../../../Engine/Content/EngineMaterials/DefaultVirtualTextureMaterial.uasset" 115
"../../../Engine/Content/EngineMaterials/DefaultWhiteGrid.uasset" 116
"../../../Engine/Content/EngineMaterials/DefaultWhiteGrid_Low.uasset" 117
"../../../Engine/Content/EngineMaterials/EmissiveMeshMaterial.uasset" 118
"../../../Engine/Content/EngineMaterials/GizmoMaterial.uasset" 119
"../../../Engine/Content/EngineMaterials/HairDefaultMaterial.uasset" 120
"../../../Engine/Content/EngineMaterials/MiniFont.uasset" 121
"../../../Engine/Content/EngineMaterials/InvalidLightmapSettings.uasset" 122
"../../../Engine/Content/EngineMaterials/M_InvalidLightmapSettings.uasset" 123
"../../../Engine/Content/Functions/Engine_MaterialFunctions02/WorldPositionOffset/CameraOffset.uasset" 124
"../../../Engine/Content/EngineMaterials/PhAT_JointLimitMaterial.uasset" 125
"../../../Engine/Content/EngineMaterials/PreintegratedSkinBRDF.uasset" 126
"../../../Engine/Content/EngineMaterials/RemoveSurfaceMaterial.uasset" 127
"../../../Engine/Content/EngineMaterials/WeightMapPlaceholderTexture.uasset" 128
"../../../Engine/Content/EngineResources/WhiteSquareTexture.uasset" 129
"../../../Engine/Content/EngineMaterials/Widget3DPassThrough.uasset" 130
"../../../Engine/Content/EngineMaterials/Widget3DPassThrough_Masked.uasset" 131
"../../../Engine/Content/EngineMaterials/Widget3DPassThrough_Opaque.uasset" 132
"../../../Engine/Content/EngineMaterials/Widget3DPassThrough_Masked_OneSided.uasset" 133
"../../../Engine/Content/EngineMaterials/Widget3DPassThrough_Opaque_OneSided.uasset" 134
"../../../Engine/Content/EngineMaterials/Widget3DPassThrough_Translucent.uasset" 135
"../../../Engine/Content/EngineMaterials/Widget3DPassThrough_Translucent_OneSided.uasset" 136
"../../../Engine/Content/EngineMeshes/Cylinder.uasset" 137
"../../../Engine/Content/EngineMeshes/Sphere.uasset" 138
"../../../Engine/Content/EngineResources/Black.uasset" 139
"../../../Engine/Content/EngineResources/DefaultTexture.uasset" 140
"../../../Engine/Content/EngineResources/DefaultTextureCube.uasset" 141
"../../../Engine/Content/EngineResources/DefaultVolumeTexture2D.uasset" 142
"../../../Engine/Content/EngineResources/DefaultVolumeTexture.uasset" 143
"../../../Engine/Content/EngineResources/GradientTexture0.uasset" 144
"../../../Engine/Content/EngineSounds/Master.uasset" 145
"../../../Engine/Content/Functions/Engine_MaterialFunctions01/Shading/ConvertFromDiffSpec.uasset" 146
"../../../Engine/Content/Functions/Engine_MaterialFunctions01/Shading/PowerToRoughness.uasset" 147
"../../../Engine/Content/Maps/Templates/Thumbnails/Default.uasset" 148
"../../../Engine/Content/Maps/Templates/Thumbnails/TimeOfDay.uasset" 149
"../../../Engine/Content/Maps/Templates/Thumbnails/VR-Basic.uasset" 150
"../../../Engine/Content/MobileResources/T_MobileControls_texture.uasset" 151
"../../../Engine/Content/MobileResources/T_MobileMenu2.uasset" 152
"../../../Engine/Content/MobileResources/HUD/AnalogHat.uasset" 153
"../../../Engine/Content/MobileResources/HUD/VirtualJoystick_Background.uasset" 154
"../../../Engine/Content/MobileResources/HUD/VirtualJoystick_Thumb.uasset" 155
"../../../Engine/Content/MobileResources/HUD/DefaultVirtualJoysticks.uasset" 156
"../../../Engine/Content/MobileResources/HUD/LeftVirtualJoystickOnly.uasset" 157
"../../../Engine/Content/MobileResources/HUD/MobileHUDButton1_off.uasset" 158
"../../../Engine/Content/MobileResources/HUD/MobileHUDButton1_on.uasset" 159
"../../../Engine/Content/MobileResources/HUD/MobileHUDButton2_off.uasset" 160
"../../../Engine/Content/MobileResources/HUD/MobileHUDButton2_on.uasset" 161
"../../../Engine/Content/MobileResources/HUD/MobileHUDButton3.uasset" 162
"../../../Engine/Content/MobileResources/HUD/MobileHUDButtonFire.uasset" 163
"../../../Engine/Content/MobileResources/HUD/MobileHUDDirectionPad.uasset" 164
"../../../Engine/Content/MobileResources/HUD/MobileHUDDirectionPad2.uasset" 165
"../../../Engine/Content/MobileResources/HUD/MobileHUDDirectionPad3.uasset" 166
"../../../Engine/Content/MobileResources/HUD/MobileHUDDirectionStick.uasset" 167
"../../../Engine/Content/MobileResources/HUD/T_Castle_ThumbstickInner.uasset" 168
"../../../Engine/Content/MobileResources/HUD/T_Castle_ThumbstickOutter.uasset" 169
"../../../Engine/Content/Tutorial/ContentIntroCurve.uasset" 170
"../../../Engine/Content/Tutorial/Basics/LevelEditorAttract.uasset" 171
"../../../Engine/Content/VREditor/LaserPointer/VR_LaserPower_01.uasset" 172
"../../../Engine/Content/VREditor/TransformGizmo/TransformGizmoMaterial.uasset" 173
"../../../Engine/Content/VREditor/TransformGizmo/TranslucentTransformGizmoMaterial.uasset" 174
"../../../Engine/Content/VREditor/TransformGizmo/BoundingBoxCorner.uasset" 175
"../../../Engine/Content/VREditor/TransformGizmo/BoundingBoxEdge.uasset" 176
"../../../Engine/Content/VREditor/TransformGizmo/PlaneTranslationHandle.uasset" 177
"../../../Engine/Content/VREditor/TransformGizmo/Main.uasset" 178
"../../../Engine/Content/VREditor/TransformGizmo/Xray.uasset" 179
"../../../Engine/Content/VREditor/TransformGizmo/SM_Sequencer_Key.uasset" 180
"../../../Engine/Content/VREditor/TransformGizmo/SM_Sequencer_Node.uasset" 181
"../../Plugins/2D/Paper2D/Content/PlaceholderTextures/DummySpriteTexture.uasset" 182
"../../Plugins/2D/Paper2D/Content/DummySprite.uasset" 183
"../../Plugins/2D/Paper2D/Content/DefaultPaperTerrainMaterial.uasset" 184
"../../Plugins/2D/Paper2D/Content/DummySpriteTexture.uasset" 185
"../../Plugins/2D/Paper2D/Content/DefaultSpriteMaterial.uasset" 186
"../../Plugins/2D/Paper2D/Content/MaskedUnlitSpriteMaterial.uasset" 187
"../../Plugins/2D/Paper2D/Content/OpaqueUnlitSpriteMaterial.uasset" 188
"../../../Engine/Content/Functions/Engine_MaterialFunctions02/Utility/BreakOutFloat4Components.uasset" 189
"../../../Engine/Content/Functions/Engine_MaterialFunctions02/Utility/MakeFloat2.uasset" 190
"../../../Engine/Content/Functions/Engine_MaterialFunctions02/Utility/MakeFloat3.uasset" 191
"../../Plugins/Runtime/Oculus/OculusVR/Content/Materials/OculusMR_ChromaKey.uasset" 192
"../../Plugins/Runtime/Oculus/OculusVR/Content/Materials/OculusMR_ChromaKey_Lit.uasset" 193
"../../Plugins/Runtime/Oculus/OculusVR/Content/Materials/OculusMR_OpaqueColoredMaterial.uasset" 194
"../../Plugins/Runtime/Oculus/OculusVR/Content/Materials/OculusMR_WhiteMaterial.uasset" 195
"../../../../PROJETS/Projet GD/Projet_GD/DemoGD/Content/Materialize/DemoRoom/Materials/DefaultTextMaterialTranslucentUnlit.uasset" 196
"../../../../PROJETS/Projet GD/Projet_GD/DemoGD/Content/Materialize/DemoRoom/Materials/M_DemoWall_Inst_NamePlate.uasset" 197
"../../../../PROJETS/Projet GD/Projet_GD/DemoGD/Content/Materialize/DemoRoom/Materials/M_DemoWall_Inst_BaseFloor_Inst.uasset" 198
"../../../../PROJETS/Projet GD/Projet_GD/DemoGD/Content/Materialize/DemoRoom/BluePrints/BP_DemoDisplay_Enum.uasset" 199
"../../../../PROJETS/Projet GD/Projet_GD/DemoGD/Content/Materialize/DemoRoom/Meshes/SM_Base.uasset" 200
"../../../../PROJETS/Projet GD/Projet_GD/DemoGD/Content/Materialize/DemoRoom/Meshes/SM_Base2.uasset" 201
"../../../../PROJETS/Projet GD/Projet_GD/DemoGD/Content/Materialize/DemoRoom/Meshes/SM_Base_FlatWall.uasset" 202
"../../../../PROJETS/Projet GD/Projet_GD/DemoGD/Content/Materialize/DemoRoom/Meshes/SM_BaseRoom.uasset" 203
"../../../../PROJETS/Projet GD/Projet_GD/DemoGD/Content/Materialize/DemoRoom/Meshes/SM_NamePlate.uasset" 204
"../../../../PROJETS/Projet GD/Projet_GD/DemoGD/Content/Materialize/DemoRoom/BluePrints/BP_DemoDisplay.uasset" 205
"../../../../PROJETS/Projet GD/Projet_GD/DemoGD/Content/Materialize/DemoRoom/Textures/T_UnrealEngineDecal.uasset" 206
"../../../../PROJETS/Projet GD/Projet_GD/DemoGD/Content/Materialize/DemoRoom/Materials/M_Glass.uasset" 207
"../../../../PROJETS/Projet GD/Projet_GD/DemoGD/Content/Materialize/DemoRoom/Textures/T_RoomTiles_M.uasset" 208
"../../../../PROJETS/Projet GD/Projet_GD/DemoGD/Content/Materialize/DemoRoom/Textures/T_RoomTiles_N.uasset" 209
"../../../../PROJETS/Projet GD/Projet_GD/DemoGD/Content/Materialize/DemoRoom/Materials/M_DemoRoomTiles.uasset" 210
"../../../../PROJETS/Projet GD/Projet_GD/DemoGD/Content/Materialize/DemoRoom/Materials/M_DemoRoomTiles_Inst.uasset" 211
"../../../../PROJETS/Projet GD/Projet_GD/DemoGD/Content/Materialize/DemoRoom/Textures/T_Pattern_M.uasset" 212
"../../../../PROJETS/Projet GD/Projet_GD/DemoGD/Content/Materialize/DemoRoom/Materials/M_DemoWallPattern.uasset" 213
"../../../../PROJETS/Projet GD/Projet_GD/DemoGD/Content/Materialize/DemoRoom/Materials/M_DemoWallPattern_Inst.uasset" 214
"../../../../PROJETS/Projet GD/Projet_GD/DemoGD/Content/Materialize/DemoRoom/Materials/M_DemoWallPattern_Inst_Mirrored.uasset" 215
"../../../../PROJETS/Projet GD/Projet_GD/DemoGD/Content/Materialize/DemoRoom/Materials/M_DemoWallPattern_NoText.uasset" 216
"../../../../PROJETS/Projet GD/Projet_GD/DemoGD/Content/Materialize/DemoRoom/Materials/M_Glass_Inst.uasset" 217
"../../../../PROJETS/Projet GD/Projet_GD/DemoGD/Content/Materialize/DemoRoom/BluePrints/BP_DemoRoom_Enum.uasset" 218
"../../../../PROJETS/Projet GD/Projet_GD/DemoGD/Content/Materialize/DemoRoom/Meshes/SM_DemoDivider_1.uasset" 219
"../../../../PROJETS/Projet GD/Projet_GD/DemoGD/Content/Materialize/DemoRoom/Meshes/SM_DemoDivider_2.uasset" 220
"../../../../PROJETS/Projet GD/Projet_GD/DemoGD/Content/Materialize/DemoRoom/Meshes/SM_DemoRoomBackWall.uasset" 221
"../../../../PROJETS/Projet GD/Projet_GD/DemoGD/Content/Materialize/DemoRoom/Materials/M_DemoWall_MattPlastic.uasset" 222
"../../../../PROJETS/Projet GD/Projet_GD/DemoGD/Content/Materialize/DemoRoom/Meshes/SM_DemoRoomBackWall2.uasset" 223
"../../../../PROJETS/Projet GD/Projet_GD/DemoGD/Content/Materialize/DemoRoom/Materials/M_LightTube.uasset" 224
"../../../../PROJETS/Projet GD/Projet_GD/DemoGD/Content/Materialize/DemoRoom/Materials/M_LightTube_Inst.uasset" 225
"../../../../PROJETS/Projet GD/Projet_GD/DemoGD/Content/Materialize/DemoRoom/Meshes/SM_DemoRoomClamp.uasset" 226
"../../../../PROJETS/Projet GD/Projet_GD/DemoGD/Content/Materialize/DemoRoom/Meshes/SM_DemoRoomClamp2.uasset" 227
"../../../../PROJETS/Projet GD/Projet_GD/DemoGD/Content/Materialize/DemoRoom/Meshes/SM_DemoRoomL.uasset" 228
"../../../../PROJETS/Projet GD/Projet_GD/DemoGD/Content/Materialize/DemoRoom/Meshes/SM_DemoRoomLTrim.uasset" 229
"../../../../PROJETS/Projet GD/Projet_GD/DemoGD/Content/Materialize/DemoRoom/Meshes/SM_DemoRoomTrim.uasset" 230
"../../../../PROJETS/Projet GD/Projet_GD/DemoGD/Content/Materialize/DemoRoom/Meshes/SM_DemoRoomTrim2.uasset" 231
"../../../../PROJETS/Projet GD/Projet_GD/DemoGD/Content/Materialize/DemoRoom/Meshes/SM_DemoRoomTrimAdd.uasset" 232
"../../../../PROJETS/Projet GD/Projet_GD/DemoGD/Content/Materialize/DemoRoom/Meshes/SM_DemoRoomU.uasset" 233
"../../../../PROJETS/Projet GD/Projet_GD/DemoGD/Content/Materialize/DemoRoom/Meshes/SM_DemoRoomU2.uasset" 234
"../../../../PROJETS/Projet GD/Projet_GD/DemoGD/Content/Materialize/DemoRoom/Meshes/SM_DemoRoomU_Hole.uasset" 235
"../../../../PROJETS/Projet GD/Projet_GD/DemoGD/Content/Materialize/DemoRoom/Meshes/SM_URoom_Wall.uasset" 236
"../../../../PROJETS/Projet GD/Projet_GD/DemoGD/Content/Materialize/DemoRoom/Meshes/SM_URoom_Wall2.uasset" 237
"../../../../PROJETS/Projet GD/Projet_GD/DemoGD/Content/Materialize/DemoRoom/BluePrints/BP_DemoRoom.uasset" 238
"../../../../PROJETS/Projet GD/Projet_GD/DemoGD/Content/Materialize/DemoRoom/BluePrints/DefPawn.uasset" 239
"../../../../PROJETS/Projet GD/Projet_GD/DemoGD/Content/Materialize/DemoRoom/BluePrints/PhysicsDemoPlayerController.uasset" 240
"../../../../PROJETS/Projet GD/Projet_GD/DemoGD/Content/Materialize/DemoRoom/BluePrints/CE_Game.uasset" 241
"../../../Engine/Content/Functions/Engine_MaterialFunctions01/Gradient/LinearGradient.uasset" 242
"../../../Engine/Content/Functions/Engine_MaterialFunctions01/ImageAdjustment/CheapContrast.uasset" 243
"../../../Engine/Content/Functions/Engine_MaterialFunctions01/Texturing/WorldAlignedTexture.uasset" 244
"../../../../PROJETS/Projet GD/Projet_GD/DemoGD/Content/Materialize/Materials/MPC_Materialize.uasset" 245
"../../../../PROJETS/Projet GD/Projet_GD/DemoGD/Content/Materialize/Textures/GradientVert.uasset" 246
"../../../../PROJETS/Projet GD/Projet_GD/DemoGD/Content/Materialize/Textures/Noise_cloudsmed.uasset" 247
"../../../../PROJETS/Projet GD/Projet_GD/DemoGD/Content/Materialize/Textures/Noise_Cube.uasset" 248
"../../../../PROJETS/Projet GD/Projet_GD/DemoGD/Content/Materialize/Textures/Noise_Pixel2.uasset" 249
"../../../../PROJETS/Projet GD/Projet_GD/DemoGD/Content/Materialize/Materials/MaterializeVoxelUp.uasset" 250
"../../../../PROJETS/Projet GD/Projet_GD/DemoGD/Content/Materialize/Textures/T_Pillar_D.uasset" 251
"../../../../PROJETS/Projet GD/Projet_GD/DemoGD/Content/Materialize/Textures/T_Pillar_M.uasset" 252
"../../../../PROJETS/Projet GD/Projet_GD/DemoGD/Content/Materialize/Textures/T_Pillar_N.uasset" 253
"../../../../PROJETS/Projet GD/Projet_GD/DemoGD/Content/Materialize/Textures/T_Pillar_S.uasset" 254
"../../../../PROJETS/Projet GD/Projet_GD/DemoGD/Content/Materialize/Materials/StonePillar_Mat.uasset" 255
"../../../../PROJETS/Projet GD/Projet_GD/DemoGD/Content/Materialize/Materials/StonePillar_Mat_Inst.uasset" 256
"../../../../PROJETS/Projet GD/Projet_GD/DemoGD/Content/Materialize/Meshes/StonePillar.uasset" 257
"../../../../PROJETS/Projet GD/Projet_GD/DemoGD/Content/Materialize/DemoRoom/VFXBPs/Voxelize_Blueprint.uasset" 258
"../../../../PROJETS/Projet GD/Projet_GD/DemoGD/Content/Materialize/Maps/Overview_BuiltData.uasset" 259
"../../../Engine/Content/MapTemplates/Sky/M_BlackBackground.uasset" 260
"../../../../PROJETS/Projet GD/Projet_GD/DemoGD/Content/Materialize/DemoRoom/Textures/T_SupportInfo.uasset" 261
"../../../../PROJETS/Projet GD/Projet_GD/DemoGD/Content/Materialize/DemoRoom/Materials/M_Abatron.uasset" 262
"../../../../PROJETS/Projet GD/Projet_GD/DemoGD/Content/Materialize/DemoRoom/Textures/T_DiscordInfo.uasset" 263
"../../../../PROJETS/Projet GD/Projet_GD/DemoGD/Content/Materialize/DemoRoom/Materials/M_DiscordInfo.uasset" 264
"../../../../PROJETS/Projet GD/Projet_GD/DemoGD/Content/Materialize/Materials/StonePillar_Mat_Inst10.uasset" 265
"../../../../PROJETS/Projet GD/Projet_GD/DemoGD/Content/Materialize/Textures/Noise_Swirly.uasset" 266
"../../../../PROJETS/Projet GD/Projet_GD/DemoGD/Content/Materialize/Materials/StonePillar_Mat_Inst11.uasset" 267
"../../../../PROJETS/Projet GD/Projet_GD/DemoGD/Content/Materialize/Textures/Noise_Cranal.uasset" 268
"../../../../PROJETS/Projet GD/Projet_GD/DemoGD/Content/Materialize/Textures/Noise_SemaElectro3.uasset" 269
"../../../../PROJETS/Projet GD/Projet_GD/DemoGD/Content/Materialize/Materials/StonePillar_Mat_Inst12.uasset" 270
"../../../../PROJETS/Projet GD/Projet_GD/DemoGD/Content/Materialize/Textures/Noise_Hexagon.uasset" 271
"../../../../PROJETS/Projet GD/Projet_GD/DemoGD/Content/Materialize/Materials/StonePillar_Mat_Inst2.uasset" 272
"../../../../PROJETS/Projet GD/Projet_GD/DemoGD/Content/Materialize/Textures/Noise_Blobs.uasset" 273
"../../../../PROJETS/Projet GD/Projet_GD/DemoGD/Content/Materialize/Textures/Noise_SemaElectro2.uasset" 274
"../../../../PROJETS/Projet GD/Projet_GD/DemoGD/Content/Materialize/Textures/Noise_Soft.uasset" 275
"../../../../PROJETS/Projet GD/Projet_GD/DemoGD/Content/Materialize/Materials/StonePillar_Mat_Inst3.uasset" 276
"../../../../PROJETS/Projet GD/Projet_GD/DemoGD/Content/Materialize/Textures/Noise_Grid.uasset" 277
"../../../../PROJETS/Projet GD/Projet_GD/DemoGD/Content/Materialize/Textures/Noise_Grid2.uasset" 278
"../../../../PROJETS/Projet GD/Projet_GD/DemoGD/Content/Materialize/Textures/Noise_Grid3.uasset" 279
"../../../../PROJETS/Projet GD/Projet_GD/DemoGD/Content/Materialize/Materials/StonePillar_Mat_Inst4.uasset" 280
"../../../../PROJETS/Projet GD/Projet_GD/DemoGD/Content/Materialize/Textures/Noise_Storm2.uasset" 281
"../../../../PROJETS/Projet GD/Projet_GD/DemoGD/Content/Materialize/Textures/Noise_Wavy.uasset" 282
"../../../../PROJETS/Projet GD/Projet_GD/DemoGD/Content/Materialize/Materials/StonePillar_Mat_Inst5.uasset" 283
"../../../../PROJETS/Projet GD/Projet_GD/DemoGD/Content/Materialize/Textures/Noise_Ice.uasset" 284
"../../../../PROJETS/Projet GD/Projet_GD/DemoGD/Content/Materialize/Textures/Noise_Ice2.uasset" 285
"../../../../PROJETS/Projet GD/Projet_GD/DemoGD/Content/Materialize/Materials/StonePillar_Mat_Inst6.uasset" 286
"../../../../PROJETS/Projet GD/Projet_GD/DemoGD/Content/Materialize/Textures/Noise_Canvas.uasset" 287
"../../../../PROJETS/Projet GD/Projet_GD/DemoGD/Content/Materialize/Materials/StonePillar_Mat_Inst7.uasset" 288
"../../../../PROJETS/Projet GD/Projet_GD/DemoGD/Content/Materialize/Materials/StonePillar_Mat_Inst8.uasset" 289
"../../../../PROJETS/Projet GD/Projet_GD/DemoGD/Content/Materialize/Materials/StonePillar_Mat_Inst9.uasset" 290
"../../../Engine/Content/BasicShapes/Cube.uasset" 291
"../../../Engine/Content/MapTemplates/Bokeh_5Sides.uasset" 292
"../../../Engine/Content/MapTemplates/Sky/T_Sky_Stars.uasset" 293
"../../../Engine/Content/MapTemplates/Sky/T_UDK_Sky_CloudMask01_N.uasset" 294
"../../../Engine/Content/MapTemplates/T_UDK_Sky_CloudMask03.uasset" 295
"../../../Engine/Content/MapTemplates/Sky/M_Procedural_Sky_MASTER02.uasset" 296
"../../../Engine/Content/MapTemplates/Sky/SM_SkySphere.uasset" 297
"../../../Engine/Content/MapTemplates/T_ScreenDirt02_w.uasset" 298
"../../../../PROJETS/Projet GD/Projet_GD/DemoGD/Content/Materialize/Maps/Overview.umap" 299
"../../../Engine/Content/EngineSky/C_Sky_Cloud_Color.uasset" 300
"../../../Engine/Content/EngineSky/C_Sky_Horizon_Color.uasset" 301
"../../../Engine/Content/EngineSky/C_Sky_Zenith_Color.uasset" 302
"../../../Engine/Content/EngineSky/T_Sky_Blue.uasset" 303
"../../../Engine/Content/EngineSky/T_Sky_Clouds_M.uasset" 304
"../../../Engine/Content/EngineSky/T_Sky_Stars.uasset" 305
"../../../Engine/Content/EngineSky/M_Sky_Panning_Clouds2.uasset" 306
"../../../Engine/Content/EngineSky/SM_SkySphere.uasset" 307
"../../../Engine/Content/EngineSky/BP_Sky_Sphere.uasset" 308
"../../../../PROJETS/Projet GD/Projet_GD/DemoGD/Content/VirtualRealityBP/Blueprints/PickupActorInterface.uasset" 309
"../../../../PROJETS/Projet GD/Projet_GD/DemoGD/Content/VirtualReality/Materials/M_BaseMaterial.uasset" 310
"../../../../PROJETS/Projet GD/Projet_GD/DemoGD/Content/VirtualReality/Materials/MI_SmallCubes.uasset" 311
"../../../../PROJETS/Projet GD/Projet_GD/DemoGD/Content/Geometry/Meshes/1M_Cube.uasset" 312
"../../../../PROJETS/Projet GD/Projet_GD/DemoGD/Content/VirtualRealityBP/Blueprints/BP_PickupCube.uasset" 313
"../../../Engine/Content/BasicShapes/BasicShapeMaterial.uasset" 314
"../../../../PROJETS/Projet GD/Projet_GD/DemoGD/Content/VirtualRealityBP/Blueprints/BP_PortalToOtherMap.uasset" 315
"../../../../PROJETS/Projet GD/Projet_GD/DemoGD/Content/VirtualReality/Mannequin/Character/Mesh/MannequinHand_Right_Skeleton.uasset" 316
"../../../../PROJETS/Projet GD/Projet_GD/DemoGD/Content/VirtualReality/Mannequin/Animations/MannequinHand_Right_CanGrab.uasset" 317
"../../../../PROJETS/Projet GD/Projet_GD/DemoGD/Content/VirtualReality/Mannequin/Animations/MannequinHand_Right_Grab.uasset" 318
"../../../../PROJETS/Projet GD/Projet_GD/DemoGD/Content/VirtualReality/Mannequin/Animations/MannequinHand_Right_Open.uasset" 319
"../../../../PROJETS/Projet GD/Projet_GD/DemoGD/Content/VirtualReality/Mannequin/Animations/RightGrip_BS.uasset" 320
"../../../../PROJETS/Projet GD/Projet_GD/DemoGD/Content/VirtualRealityBP/Blueprints/GripEnum.uasset" 321
"../../../../PROJETS/Projet GD/Projet_GD/DemoGD/Content/VirtualReality/Mannequin/Animations/RightHand_AnimBP.uasset" 322
"../../../../PROJETS/Projet GD/Projet_GD/DemoGD/Content/VirtualRealityBP/Blueprints/MotionControllerHaptics.uasset" 323
"../../../../PROJETS/Projet GD/Projet_GD/DemoGD/Content/VirtualReality/Materials/M_SplineArcMat.uasset" 324
"../../../../PROJETS/Projet GD/Projet_GD/DemoGD/Content/VirtualReality/Materials/MI_ChaperoneOutline.uasset" 325
"../../../Engine/Content/BasicShapes/Sphere.uasset" 326
"../../../../PROJETS/Projet GD/Projet_GD/DemoGD/Content/VirtualReality/Mannequin/Character/Textures/UE4_Mannequin__normals.uasset" 327
"../../../../PROJETS/Projet GD/Projet_GD/DemoGD/Content/VirtualReality/Mannequin/Character/Textures/UE4_Mannequin_MAT_MASKA.uasset" 328
"../../../../PROJETS/Projet GD/Projet_GD/DemoGD/Content/VirtualReality/Mannequin/Character/Materials/M_HandMat.uasset" 329
"../../../../PROJETS/Projet GD/Projet_GD/DemoGD/Content/VirtualReality/Mannequin/Character/Mesh/MannequinHand_Right_PhysicsAsset.uasset" 330
"../../../../PROJETS/Projet GD/Projet_GD/DemoGD/Content/VirtualReality/Mannequin/Character/Mesh/MannequinHand_Right.uasset" 331
"../../../../PROJETS/Projet GD/Projet_GD/DemoGD/Content/VirtualReality/Meshes/1x1_cube.uasset" 332
"../../../../PROJETS/Projet GD/Projet_GD/DemoGD/Content/VirtualReality/Meshes/BeamMesh.uasset" 333
"../../../../PROJETS/Projet GD/Projet_GD/DemoGD/Content/VirtualRealityBP/Blueprints/BP_MotionController.uasset" 334
"../../../../PROJETS/Projet GD/Projet_GD/DemoGD/Content/VirtualRealityBP/Blueprints/MotionControllerPawn.uasset" 335
"../../../../PROJETS/Projet GD/Projet_GD/DemoGD/Content/VirtualRealityBP/Maps/MotionControllerMap_BuiltData.uasset" 336
"../../../../PROJETS/Projet GD/Projet_GD/DemoGD/Content/VirtualReality/Materials/MI_BaseMaterial2.uasset" 337
"../../../../PROJETS/Projet GD/Projet_GD/DemoGD/Content/VirtualReality/Materials/MI_BaseMaterial3.uasset" 338
"../../../../PROJETS/Projet GD/Projet_GD/DemoGD/Content/VirtualRealityBP/Maps/MotionControllerMap.umap" 339
"../../../../PROJETS/Projet GD/Projet_GD/DemoGD/Content/VirtualRealityBP/Maps/TrueMap.umap" 340
"../../../Engine/Content/Maps/Entry_BuiltData.uasset" 341
"../../../Engine/Content/Maps/Entry.umap" 342
